#
# There is insufficient memory for the Java Runtime Environment to continue.
# Native memory allocation (malloc) failed to allocate 1116544 bytes for Chunk::new
# Possible reasons:
#   The system is out of physical RAM or swap space
#   In 32 bit mode, the process size limit was hit
# Possible solutions:
#   Reduce memory load on the system
#   Increase physical memory or swap space
#   Check if swap backing store is full
#   Use 64 bit Java on a 64 bit OS
#   Decrease Java heap size (-Xmx/-Xms)
#   Decrease number of Java threads
#   Decrease Java thread stack sizes (-Xss)
#   Set larger code cache with -XX:ReservedCodeCacheSize=
# This output file may be truncated or incomplete.
#
#  Out of Memory Error (allocation.cpp:390), pid=7376, tid=0x0000000000003448
#
# JRE version: Java(TM) SE Runtime Environment (8.0_172-b11) (build 1.8.0_172-b11)
# Java VM: Java HotSpot(TM) 64-Bit Server VM (25.172-b11 mixed mode windows-amd64 compressed oops)
# Failed to write core dump. Minidumps are not enabled by default on client versions of Windows
#

---------------  T H R E A D  ---------------

Current thread (0x0000000014afd800):  JavaThread "C2 CompilerThread0" daemon [_thread_in_native, id=13384, stack(0x0000000015b60000,0x0000000015c60000)]

Stack: [0x0000000015b60000,0x0000000015c60000]
[error occurred during error reporting (printing stack bounds), id 0xc0000005]

Native frames: (J=compiled Java code, j=interpreted, Vv=VM code, C=native code)


Current CompileTask:
C2:  23677 2279   !   4       com.android.dx.cf.code.Ropper::processBlock (1101 bytes)


---------------  P R O C E S S  ---------------

Java Threads: ( => current thread )
  0x0000000016190000 JavaThread "pool-2-thread-1" [_thread_blocked, id=3236, stack(0x0000000016460000,0x0000000016560000)]
  0x0000000016187000 JavaThread "pool-1-thread-1" [_thread_blocked, id=19400, stack(0x0000000016360000,0x0000000016460000)]
  0x0000000014b68800 JavaThread "Service Thread" daemon [_thread_blocked, id=16916, stack(0x0000000015d60000,0x0000000015e60000)]
  0x0000000014aff800 JavaThread "C1 CompilerThread1" daemon [_thread_blocked, id=18912, stack(0x0000000015c60000,0x0000000015d60000)]
=>0x0000000014afd800 JavaThread "C2 CompilerThread0" daemon [_thread_in_native, id=13384, stack(0x0000000015b60000,0x0000000015c60000)]
  0x0000000014afa000 JavaThread "Attach Listener" daemon [_thread_blocked, id=8264, stack(0x0000000015a60000,0x0000000015b60000)]
  0x0000000014af6800 JavaThread "Signal Dispatcher" daemon [_thread_blocked, id=14800, stack(0x0000000015960000,0x0000000015a60000)]
  0x0000000014ae8800 JavaThread "Finalizer" daemon [_thread_blocked, id=14284, stack(0x0000000015750000,0x0000000015850000)]
  0x0000000014ac7800 JavaThread "Reference Handler" daemon [_thread_blocked, id=7368, stack(0x0000000015650000,0x0000000015750000)]
  0x0000000002572800 JavaThread "main" [_thread_blocked, id=10716, stack(0x0000000002470000,0x0000000002570000)]

Other Threads:
  0x000000000265a800 VMThread [stack: 0x0000000015550000,0x0000000015650000] [id=15504]
  0x0000000014b7a000 WatcherThread [stack: 0x0000000015e60000,0x0000000015f60000] [id=14728]

VM state:at safepoint (normal execution)

VM Mutex/Monitor currently owned by a thread:  ([mutex/lock_event])
[0x00000000001ed8d0] Threads_lock - owner thread: 0x000000000265a800
[0x00000000001edad0] Heap_lock - owner thread: 0x0000000002572800

Heap:
 PSYoungGen      total 140288K, used 120320K [0x00000000eab00000, 0x00000000f4f00000, 0x0000000100000000)
  eden space 120320K, 100% used [0x00000000eab00000,0x00000000f2080000,0x00000000f2080000)
  from space 19968K, 0% used [0x00000000f3680000,0x00000000f3680000,0x00000000f4a00000)
  to   space 22528K, 0% used [0x00000000f2080000,0x00000000f2080000,0x00000000f3680000)
 ParOldGen       total 81920K, used 81801K [0x00000000c0000000, 0x00000000c5000000, 0x00000000eab00000)
  object space 81920K, 99% used [0x00000000c0000000,0x00000000c4fe2478,0x00000000c5000000)
 Metaspace       used 6707K, capacity 7320K, committed 7680K, reserved 1056768K
  class space    used 638K, capacity 656K, committed 768K, reserved 1048576K

Card table byte_map: [0x0000000011a30000,0x0000000011c40000] byte_map_base: 0x0000000011430000

Marking Bits: (ParMarkBitMap*) 0x00000000564d3c10
 Begin Bits: [0x0000000011fa0000, 0x0000000012fa0000)
 End Bits:   [0x0000000012fa0000, 0x0000000013fa0000)

Polling page: 0x00000000001f0000

CodeCache: size=245760Kb used=10506Kb max_used=10506Kb free=235253Kb
 bounds [0x0000000002670000, 0x00000000030c0000, 0x0000000011670000]
 total_blobs=2473 nmethods=2203 adapters=183
 compilation: enabled

Compilation events (10 events):
Event: 23.477 Thread 0x0000000014aff800 2301       2       com.android.dx.cf.code.SwitchList::setImmutable (19 bytes)
Event: 23.478 Thread 0x0000000014aff800 nmethod 2301 0x000000000308d750 code [0x000000000308d8a0, 0x000000000308da10]
Event: 23.478 Thread 0x0000000014aff800 2302       1       com.android.dx.cf.code.SwitchList::getValues (5 bytes)
Event: 23.478 Thread 0x0000000014aff800 nmethod 2302 0x00000000027acf90 code [0x00000000027ad0e0, 0x00000000027ad1f0]
Event: 23.485 Thread 0x0000000014aff800 2303       2       com.android.dx.dex.code.OddSpacer::<init> (9 bytes)
Event: 23.485 Thread 0x0000000014aff800 nmethod 2303 0x000000000308d390 code [0x000000000308d500, 0x000000000308d688]
Event: 23.485 Thread 0x0000000014aff800 2304       1       com.android.dx.rop.code.SwitchInsn::getCases (5 bytes)
Event: 23.485 Thread 0x0000000014aff800 nmethod 2304 0x0000000002783050 code [0x00000000027831a0, 0x00000000027832b0]
Event: 23.485 Thread 0x0000000014aff800 2305       1       com.android.dx.dex.code.SwitchData::isPacked (5 bytes)
Event: 23.486 Thread 0x0000000014aff800 nmethod 2305 0x0000000003081b90 code [0x0000000003081ce0, 0x0000000003081df0]

GC Heap History (10 events):
Event: 17.159 GC heap after
Heap after GC invocations=12 (full 4):
 PSYoungGen      total 140288K, used 41902K [0x00000000eab00000, 0x00000000f4f00000, 0x0000000100000000)
  eden space 120320K, 34% used [0x00000000eab00000,0x00000000ed3eb878,0x00000000f2080000)
  from space 19968K, 0% used [0x00000000f3680000,0x00000000f3680000,0x00000000f4a00000)
  to   space 22528K, 0% used [0x00000000f2080000,0x00000000f2080000,0x00000000f3680000)
 ParOldGen       total 81920K, used 81865K [0x00000000c0000000, 0x00000000c5000000, 0x00000000eab00000)
  object space 81920K, 99% used [0x00000000c0000000,0x00000000c4ff2778,0x00000000c5000000)
 Metaspace       used 6699K, capacity 7256K, committed 7424K, reserved 1056768K
  class space    used 638K, capacity 656K, committed 768K, reserved 1048576K
}
Event: 18.132 GC heap before
{Heap before GC invocations=13 (full 5):
 PSYoungGen      total 140288K, used 120320K [0x00000000eab00000, 0x00000000f4f00000, 0x0000000100000000)
  eden space 120320K, 100% used [0x00000000eab00000,0x00000000f2080000,0x00000000f2080000)
  from space 19968K, 0% used [0x00000000f3680000,0x00000000f3680000,0x00000000f4a00000)
  to   space 22528K, 0% used [0x00000000f2080000,0x00000000f2080000,0x00000000f3680000)
 ParOldGen       total 81920K, used 81865K [0x00000000c0000000, 0x00000000c5000000, 0x00000000eab00000)
  object space 81920K, 99% used [0x00000000c0000000,0x00000000c4ff2778,0x00000000c5000000)
 Metaspace       used 6700K, capacity 7256K, committed 7424K, reserved 1056768K
  class space    used 638K, capacity 656K, committed 768K, reserved 1048576K
Event: 18.879 GC heap after
Heap after GC invocations=13 (full 5):
 PSYoungGen      total 140288K, used 52911K [0x00000000eab00000, 0x00000000f4f00000, 0x0000000100000000)
  eden space 120320K, 43% used [0x00000000eab00000,0x00000000edeabc00,0x00000000f2080000)
  from space 19968K, 0% used [0x00000000f3680000,0x00000000f3680000,0x00000000f4a00000)
  to   space 22528K, 0% used [0x00000000f2080000,0x00000000f2080000,0x00000000f3680000)
 ParOldGen       total 81920K, used 81865K [0x00000000c0000000, 0x00000000c5000000, 0x00000000eab00000)
  object space 81920K, 99% used [0x00000000c0000000,0x00000000c4ff25f8,0x00000000c5000000)
 Metaspace       used 6700K, capacity 7256K, committed 7424K, reserved 1056768K
  class space    used 638K, capacity 656K, committed 768K, reserved 1048576K
}
Event: 19.609 GC heap before
{Heap before GC invocations=14 (full 6):
 PSYoungGen      total 140288K, used 120320K [0x00000000eab00000, 0x00000000f4f00000, 0x0000000100000000)
  eden space 120320K, 100% used [0x00000000eab00000,0x00000000f2080000,0x00000000f2080000)
  from space 19968K, 0% used [0x00000000f3680000,0x00000000f3680000,0x00000000f4a00000)
  to   space 22528K, 0% used [0x00000000f2080000,0x00000000f2080000,0x00000000f3680000)
 ParOldGen       total 81920K, used 81865K [0x00000000c0000000, 0x00000000c5000000, 0x00000000eab00000)
  object space 81920K, 99% used [0x00000000c0000000,0x00000000c4ff25f8,0x00000000c5000000)
 Metaspace       used 6701K, capacity 7256K, committed 7424K, reserved 1056768K
  class space    used 638K, capacity 656K, committed 768K, reserved 1048576K
Event: 20.306 GC heap after
Heap after GC invocations=14 (full 6):
 PSYoungGen      total 140288K, used 62471K [0x00000000eab00000, 0x00000000f4f00000, 0x0000000100000000)
  eden space 120320K, 51% used [0x00000000eab00000,0x00000000ee801da0,0x00000000f2080000)
  from space 19968K, 0% used [0x00000000f3680000,0x00000000f3680000,0x00000000f4a00000)
  to   space 22528K, 0% used [0x00000000f2080000,0x00000000f2080000,0x00000000f3680000)
 ParOldGen       total 81920K, used 81865K [0x00000000c0000000, 0x00000000c5000000, 0x00000000eab00000)
  object space 81920K, 99% used [0x00000000c0000000,0x00000000c4ff2518,0x00000000c5000000)
 Metaspace       used 6701K, capacity 7256K, committed 7424K, reserved 1056768K
  class space    used 638K, capacity 656K, committed 768K, reserved 1048576K
}
Event: 20.912 GC heap before
{Heap before GC invocations=15 (full 7):
 PSYoungGen      total 140288K, used 120320K [0x00000000eab00000, 0x00000000f4f00000, 0x0000000100000000)
  eden space 120320K, 100% used [0x00000000eab00000,0x00000000f2080000,0x00000000f2080000)
  from space 19968K, 0% used [0x00000000f3680000,0x00000000f3680000,0x00000000f4a00000)
  to   space 22528K, 0% used [0x00000000f2080000,0x00000000f2080000,0x00000000f3680000)
 ParOldGen       total 81920K, used 81865K [0x00000000c0000000, 0x00000000c5000000, 0x00000000eab00000)
  object space 81920K, 99% used [0x00000000c0000000,0x00000000c4ff2518,0x00000000c5000000)
 Metaspace       used 6702K, capacity 7256K, committed 7424K, reserved 1056768K
  class space    used 638K, capacity 656K, committed 768K, reserved 1048576K
Event: 21.662 GC heap after
Heap after GC invocations=15 (full 7):
 PSYoungGen      total 140288K, used 70063K [0x00000000eab00000, 0x00000000f4f00000, 0x0000000100000000)
  eden space 120320K, 58% used [0x00000000eab00000,0x00000000eef6bc18,0x00000000f2080000)
  from space 19968K, 0% used [0x00000000f3680000,0x00000000f3680000,0x00000000f4a00000)
  to   space 22528K, 0% used [0x00000000f2080000,0x00000000f2080000,0x00000000f3680000)
 ParOldGen       total 81920K, used 81801K [0x00000000c0000000, 0x00000000c5000000, 0x00000000eab00000)
  object space 81920K, 99% used [0x00000000c0000000,0x00000000c4fe2488,0x00000000c5000000)
 Metaspace       used 6702K, capacity 7256K, committed 7424K, reserved 1056768K
  class space    used 638K, capacity 656K, committed 768K, reserved 1048576K
}
Event: 22.324 GC heap before
{Heap before GC invocations=16 (full 8):
 PSYoungGen      total 140288K, used 120320K [0x00000000eab00000, 0x00000000f4f00000, 0x0000000100000000)
  eden space 120320K, 100% used [0x00000000eab00000,0x00000000f2080000,0x00000000f2080000)
  from space 19968K, 0% used [0x00000000f3680000,0x00000000f3680000,0x00000000f4a00000)
  to   space 22528K, 0% used [0x00000000f2080000,0x00000000f2080000,0x00000000f3680000)
 ParOldGen       total 81920K, used 81801K [0x00000000c0000000, 0x00000000c5000000, 0x00000000eab00000)
  object space 81920K, 99% used [0x00000000c0000000,0x00000000c4fe2488,0x00000000c5000000)
 Metaspace       used 6704K, capacity 7320K, committed 7680K, reserved 1056768K
  class space    used 638K, capacity 656K, committed 768K, reserved 1048576K
Event: 23.122 GC heap after
Heap after GC invocations=16 (full 8):
 PSYoungGen      total 140288K, used 76978K [0x00000000eab00000, 0x00000000f4f00000, 0x0000000100000000)
  eden space 120320K, 63% used [0x00000000eab00000,0x00000000ef62cbf8,0x00000000f2080000)
  from space 19968K, 0% used [0x00000000f3680000,0x00000000f3680000,0x00000000f4a00000)
  to   space 22528K, 0% used [0x00000000f2080000,0x00000000f2080000,0x00000000f3680000)
 ParOldGen       total 81920K, used 81801K [0x00000000c0000000, 0x00000000c5000000, 0x00000000eab00000)
  object space 81920K, 99% used [0x00000000c0000000,0x00000000c4fe2478,0x00000000c5000000)
 Metaspace       used 6704K, capacity 7320K, committed 7680K, reserved 1056768K
  class space    used 638K, capacity 656K, committed 768K, reserved 1048576K
}
Event: 23.564 GC heap before
{Heap before GC invocations=17 (full 9):
 PSYoungGen      total 140288K, used 120320K [0x00000000eab00000, 0x00000000f4f00000, 0x0000000100000000)
  eden space 120320K, 100% used [0x00000000eab00000,0x00000000f2080000,0x00000000f2080000)
  from space 19968K, 0% used [0x00000000f3680000,0x00000000f3680000,0x00000000f4a00000)
  to   space 22528K, 0% used [0x00000000f2080000,0x00000000f2080000,0x00000000f3680000)
 ParOldGen       total 81920K, used 81801K [0x00000000c0000000, 0x00000000c5000000, 0x00000000eab00000)
  object space 81920K, 99% used [0x00000000c0000000,0x00000000c4fe2478,0x00000000c5000000)
 Metaspace       used 6707K, capacity 7320K, committed 7680K, reserved 1056768K
  class space    used 638K, capacity 656K, committed 768K, reserved 1048576K

Deoptimization events (10 events):
Event: 11.704 Thread 0x0000000002572800 Uncommon trap: reason=speculate_class_check action=maybe_recompile pc=0x0000000002f3c938 method=com.android.dx.ssa.SsaInsn.mapRegisters(Lcom/android/dx/ssa/RegisterMapper;)V @ 31
Event: 11.909 Thread 0x0000000016187000 Uncommon trap: reason=unstable_if action=reinterpret pc=0x0000000002f5b594 method=com.android.dx.ssa.SCCP.simulateStmt(Lcom/android/dx/ssa/SsaInsn;)V @ 469
Event: 12.441 Thread 0x0000000002572800 Uncommon trap: reason=unstable_if action=reinterpret pc=0x0000000002f95428 method=com.android.dx.ssa.LiteralOpUpgrader.tryReplacingWithConstant(Lcom/android/dx/ssa/NormalSsaInsn;)Z @ 30
Event: 16.293 Thread 0x0000000016187000 Uncommon trap: reason=unstable_if action=reinterpret pc=0x0000000002fff9ac method=com.android.dx.rop.code.RegisterSpec.equals(ILcom/android/dx/rop/type/TypeBearer;Lcom/android/dx/rop/code/LocalItem;)Z @ 42
Event: 18.061 Thread 0x0000000016187000 Uncommon trap: reason=unstable_if action=reinterpret pc=0x000000000301c528 method=com.android.dx.ssa.SsaConverter.edgeSplitMoveExceptionsAndResults(Lcom/android/dx/ssa/SsaMethod;)V @ 57
Event: 21.724 Thread 0x0000000002572800 Uncommon trap: reason=bimorphic action=maybe_recompile pc=0x0000000002fa69ac method=com.android.dx.ssa.LiteralOpUpgrader.tryReplacingWithConstant(Lcom/android/dx/ssa/NormalSsaInsn;)Z @ 62
Event: 22.141 Thread 0x0000000016187000 Uncommon trap: reason=bimorphic action=maybe_recompile pc=0x0000000002fa69ac method=com.android.dx.ssa.LiteralOpUpgrader.tryReplacingWithConstant(Lcom/android/dx/ssa/NormalSsaInsn;)Z @ 62
Event: 22.199 Thread 0x0000000002572800 Uncommon trap: reason=unstable_if action=reinterpret pc=0x0000000002c91ed4 method=com.android.dx.ssa.MoveParamCombiner$1.visitNonMoveInsn(Lcom/android/dx/ssa/NormalSsaInsn;)V @ 27
Event: 23.197 Thread 0x0000000016187000 Uncommon trap: reason=null_check action=make_not_entrant pc=0x00000000030a29e0 method=com.android.dx.cf.code.Ropper$CatchInfo.getSetup(Lcom/android/dx/rop/type/Type;)Lcom/android/dx/cf/code/Ropper$ExceptionHandlerSetup; @ 10
Event: 23.245 Thread 0x0000000016187000 Uncommon trap: reason=unstable_if action=reinterpret pc=0x0000000003070640 method=com.android.dx.rop.code.LocalVariableExtractor.processBlock(I)V @ 208

Classes redefined (0 events):
No events

Internal exceptions (8 events):
Event: 0.064 Thread 0x0000000002572800 Exception <a 'java/lang/NoSuchMethodError': Method sun.misc.Unsafe.defineClass(Ljava/lang/String;[BII)Ljava/lang/Class; name or signature does not match> (0x00000000eab07cb0) thrown at [C:\re\workspace\8-2-build-windows-amd64-cygwin\jdk8u172\10810\hotspot
Event: 0.064 Thread 0x0000000002572800 Exception <a 'java/lang/NoSuchMethodError': Method sun.misc.Unsafe.prefetchRead(Ljava/lang/Object;J)V name or signature does not match> (0x00000000eab07f98) thrown at [C:\re\workspace\8-2-build-windows-amd64-cygwin\jdk8u172\10810\hotspot\src\share\vm\prim
Event: 6.136 Thread 0x0000000002572800 Exception <a 'java/lang/ArrayIndexOutOfBoundsException': 18> (0x00000000ee595ef8) thrown at [C:\re\workspace\8-2-build-windows-amd64-cygwin\jdk8u172\10810\hotspot\src\share\vm\interpreter\interpreterRuntime.cpp, line 366]
Event: 6.137 Thread 0x0000000002572800 Exception <a 'java/lang/ArrayIndexOutOfBoundsException'> (0x00000000ee597a78) thrown at [C:\re\workspace\8-2-build-windows-amd64-cygwin\jdk8u172\10810\hotspot\src\share\vm\runtime\sharedRuntime.cpp, line 605]
Event: 6.148 Thread 0x0000000002572800 Exception <a 'java/lang/ArrayIndexOutOfBoundsException'> (0x00000000ee598d60) thrown at [C:\re\workspace\8-2-build-windows-amd64-cygwin\jdk8u172\10810\hotspot\src\share\vm\runtime\sharedRuntime.cpp, line 605]
Event: 8.386 Thread 0x0000000002572800 Implicit null exception at 0x0000000002a0be22 to 0x0000000002a0bf1a
Event: 8.740 Thread 0x0000000002572800 Implicit null exception at 0x0000000002d97e89 to 0x0000000002d98745
Event: 23.197 Thread 0x0000000016187000 Implicit null exception at 0x000000000309c2d4 to 0x00000000030a29c1

Events (10 events):
Event: 23.368 Thread 0x0000000002572800 DEOPT UNPACKING pc=0x00000000026b7490 sp=0x000000000256dc08 mode 0
Event: 23.403 Thread 0x0000000002572800 DEOPT PACKING pc=0x0000000002a17791 sp=0x000000000256e1a0
Event: 23.403 Thread 0x0000000002572800 DEOPT UNPACKING pc=0x00000000026b7490 sp=0x000000000256dfd0 mode 0
Event: 23.455 Thread 0x0000000002572800 DEOPT PACKING pc=0x0000000002eaf62a sp=0x000000000256dfe0
Event: 23.455 Thread 0x0000000002572800 DEOPT UNPACKING pc=0x00000000026b7490 sp=0x000000000256dd90 mode 0
Event: 23.468 Thread 0x0000000002572800 DEOPT PACKING pc=0x0000000003034ea0 sp=0x000000000256e290
Event: 23.468 Thread 0x0000000002572800 DEOPT UNPACKING pc=0x00000000026b7490 sp=0x000000000256e020 mode 0
Event: 23.479 Thread 0x0000000002572800 DEOPT PACKING pc=0x0000000002a17791 sp=0x000000000256e1a0
Event: 23.479 Thread 0x0000000002572800 DEOPT UNPACKING pc=0x00000000026b7490 sp=0x000000000256dfd0 mode 0
Event: 23.563 Executing VM operation: ParallelGCFailedAllocation


Dynamic libraries:
0x00007ff65aab0000 - 0x00007ff65aae7000 	C:\Program Files\Java\jdk1.8.0_172\bin\java.exe
0x00007fffcd7e0000 - 0x00007fffcd9c1000 	C:\WINDOWS\SYSTEM32\ntdll.dll
0x00007fffcd4f0000 - 0x00007fffcd5a2000 	C:\WINDOWS\System32\KERNEL32.DLL
0x00007fffca530000 - 0x00007fffca7a3000 	C:\WINDOWS\System32\KERNELBASE.dll
0x00007fffcae70000 - 0x00007fffcaf11000 	C:\WINDOWS\System32\ADVAPI32.dll
0x00007fffcd450000 - 0x00007fffcd4ee000 	C:\WINDOWS\System32\msvcrt.dll
0x00007fffcd3f0000 - 0x00007fffcd44b000 	C:\WINDOWS\System32\sechost.dll
0x00007fffcb500000 - 0x00007fffcb624000 	C:\WINDOWS\System32\RPCRT4.dll
0x00007fffcaf30000 - 0x00007fffcb0c0000 	C:\WINDOWS\System32\USER32.dll
0x00007fffca510000 - 0x00007fffca530000 	C:\WINDOWS\System32\win32u.dll
0x00007fffccdc0000 - 0x00007fffccde8000 	C:\WINDOWS\System32\GDI32.dll
0x00007fffcaa20000 - 0x00007fffcabb2000 	C:\WINDOWS\System32\gdi32full.dll
0x00007fffca2c0000 - 0x00007fffca35f000 	C:\WINDOWS\System32\msvcp_win.dll
0x00007fffca410000 - 0x00007fffca50a000 	C:\WINDOWS\System32\ucrtbase.dll
0x00007fffbbaf0000 - 0x00007fffbbd59000 	C:\WINDOWS\WinSxS\amd64_microsoft.windows.common-controls_6595b64144ccf1df_6.0.17134.228_none_fb4599993062b194\COMCTL32.dll
0x00007fffcb130000 - 0x00007fffcb453000 	C:\WINDOWS\System32\combase.dll
0x00007fffca7b0000 - 0x00007fffca82a000 	C:\WINDOWS\System32\bcryptPrimitives.dll
0x00007fffccc00000 - 0x00007fffccc2d000 	C:\WINDOWS\System32\IMM32.DLL
0x00000000587b0000 - 0x0000000058882000 	C:\Program Files\Java\jdk1.8.0_172\jre\bin\msvcr100.dll
0x0000000055cb0000 - 0x0000000056553000 	C:\Program Files\Java\jdk1.8.0_172\jre\bin\server\jvm.dll
0x00007fffcca70000 - 0x00007fffcca78000 	C:\WINDOWS\System32\PSAPI.DLL
0x00007fffc82f0000 - 0x00007fffc82f9000 	C:\WINDOWS\SYSTEM32\WSOCK32.dll
0x00007fffbad00000 - 0x00007fffbad23000 	C:\WINDOWS\SYSTEM32\WINMM.dll
0x00007fffcb0c0000 - 0x00007fffcb12c000 	C:\WINDOWS\System32\WS2_32.dll
0x00007fffb6800000 - 0x00007fffb682a000 	C:\WINDOWS\SYSTEM32\WINMMBASE.dll
0x00007fffca360000 - 0x00007fffca3a9000 	C:\WINDOWS\System32\cfgmgr32.dll
0x00007fffc8260000 - 0x00007fffc826a000 	C:\WINDOWS\SYSTEM32\VERSION.dll
0x0000000058d00000 - 0x0000000058d0f000 	C:\Program Files\Java\jdk1.8.0_172\jre\bin\verify.dll
0x0000000058cd0000 - 0x0000000058cf9000 	C:\Program Files\Java\jdk1.8.0_172\jre\bin\java.dll
0x0000000058790000 - 0x00000000587a6000 	C:\Program Files\Java\jdk1.8.0_172\jre\bin\zip.dll
0x00007fffcb630000 - 0x00007fffcca70000 	C:\WINDOWS\System32\SHELL32.dll
0x00007fffcadc0000 - 0x00007fffcae69000 	C:\WINDOWS\System32\shcore.dll
0x00007fffc9bb0000 - 0x00007fffca2bd000 	C:\WINDOWS\System32\windows.storage.dll
0x00007fffcd2a0000 - 0x00007fffcd2f1000 	C:\WINDOWS\System32\shlwapi.dll
0x00007fffc9b10000 - 0x00007fffc9b21000 	C:\WINDOWS\System32\kernel.appcore.dll
0x00007fffc9b40000 - 0x00007fffc9b5f000 	C:\WINDOWS\System32\profapi.dll
0x00007fffc9b60000 - 0x00007fffc9bac000 	C:\WINDOWS\System32\powrprof.dll
0x00007fffc9b30000 - 0x00007fffc9b3a000 	C:\WINDOWS\System32\FLTLIB.DLL

VM Arguments:
jvm_args: -Xmx1G 
java_command: C:\Program Files (x86)\Android\android-sdk\build-tools\25.0.3\\lib\dx.jar --dex --no-strict --output obj\Debug\MonoAndroid81\android\bin C:\Users\jlondo\source\repos\follow\follow\follow.Android\obj\Debug\MonoAndroid81\android\bin\classes.zip C:\Program Files (x86)\Microsoft Visual Studio\2017\Community\Common7\IDE\ReferenceAssemblies\Microsoft\Framework\MonoAndroid\v8.1\mono.android.jar obj\\Debug\MonoAndroid81\lp\1\jl\formsviewgroup.jar obj\\Debug\MonoAndroid81\lp\10\jl\bin\classes.jar obj\\Debug\MonoAndroid81\lp\11\jl\bin\classes.jar obj\\Debug\MonoAndroid81\lp\12\jl\bin\classes.jar obj\\Debug\MonoAndroid81\lp\13\jl\bin\classes.jar obj\\Debug\MonoAndroid81\lp\14\jl\bin\classes.jar obj\\Debug\MonoAndroid81\lp\15\jl\bin\classes.jar obj\\Debug\MonoAndroid81\lp\16\jl\bin\classes.jar obj\\Debug\MonoAndroid81\lp\17\jl\bin\classes.jar obj\\Debug\MonoAndroid81\lp\18\jl\bin\classes.jar obj\\Debug\MonoAndroid81\lp\19\jl\bin\classes.jar obj\\Debug\MonoAndroid81\lp\20\jl\bin\classes.jar obj\\Debug\MonoAndroid81\lp\21\jl\bin\classes.jar obj\\Debug\MonoAndroid81\lp\3\jl\arch-core-common.jar obj\\Debug\MonoAndroid81\lp\4\jl\arch-lifecycle-common.jar obj\\Debug\MonoAndroid81\lp\5\jl\bin\classes.jar obj\\Debug\MonoAndroid81\lp\6\jl\bin\classes.jar obj\\Debug\MonoAndroid81\lp\8\jl\bin\classes.jar obj\\Debug\MonoAndroid81\lp\9\jl\bin\classes.jar
java_class_path (initial): C:\Program Files (x86)\Android\android-sdk\build-tools\25.0.3\\lib\dx.jar
Launcher Type: SUN_STANDARD

Environment Variables:
JAVA_HOME=C:\Program Files\Java\jdk1.8.0_172
PATH=C:\Program Files\Java\jdk1.8.0_172\bin;C:\Program Files (x86)\Common Files\Oracle\Java\javapath;C:\WINDOWS\system32;C:\WINDOWS;C:\WINDOWS\System32\Wbem;C:\WINDOWS\System32\WindowsPowerShell\v1.0\;C:\WINDOWS\System32\OpenSSH\;C:\Program Files\Microsoft VS Code\bin;C:\Program Files\Dart\dart-sdk\bin;C:\flutter\bin;C:\Program Files\dotnet\;C:\Program Files\Microsoft SQL Server\130\Tools\Binn\;C:\Users\jlondo\AppData\Local\Programs\Python\Python37-32\Scripts\;C:\Users\jlondo\AppData\Local\Programs\Python\Python37-32\;C:\Users\jlondo\AppData\Local\Microsoft\WindowsApps
USERNAME=jlondo97
OS=Windows_NT
PROCESSOR_IDENTIFIER=AMD64 Family 21 Model 112 Stepping 0, AuthenticAMD



---------------  S Y S T E M  ---------------

OS: Windows 10.0 , 64 bit Build 17134 (10.0.17134.1)

CPU:total 2 (initial active 2) (2 cores per cpu, 1 threads per core) family 21 model 112 stepping 0, cmov, cx8, fxsr, mmx, sse, sse2, sse3, ssse3, sse4.1, sse4.2, popcnt, avx, avx2, aes, clmul, mmxext, 3dnowpref, lzcnt, sse4a, tsc, tscinvbit, tscinv, bmi1

Memory: 4k page, physical 7825792k(550844k free), swap 7825792k(6104k free)

vm_info: Java HotSpot(TM) 64-Bit Server VM (25.172-b11) for windows-amd64 JRE (1.8.0_172-b11), built on Mar 28 2018 21:21:52 by "java_re" with MS VC++ 10.0 (VS2010)

time: Tue Sep 04 10:42:01 2018
elapsed time: 23 seconds (0d 0h 0m 23s)

