#
# There is insufficient memory for the Java Runtime Environment to continue.
# Native memory allocation (malloc) failed to allocate 32744 bytes for ChunkPool::allocate
# Possible reasons:
#   The system is out of physical RAM or swap space
#   In 32 bit mode, the process size limit was hit
# Possible solutions:
#   Reduce memory load on the system
#   Increase physical memory or swap space
#   Check if swap backing store is full
#   Use 64 bit Java on a 64 bit OS
#   Decrease Java heap size (-Xmx/-Xms)
#   Decrease number of Java threads
#   Decrease Java thread stack sizes (-Xss)
#   Set larger code cache with -XX:ReservedCodeCacheSize=
# This output file may be truncated or incomplete.
#
#  Out of Memory Error (allocation.cpp:273), pid=5876, tid=0x0000000000003cf4
#
# JRE version: Java(TM) SE Runtime Environment (8.0_172-b11) (build 1.8.0_172-b11)
# Java VM: Java HotSpot(TM) 64-Bit Server VM (25.172-b11 mixed mode windows-amd64 compressed oops)
# Failed to write core dump. Minidumps are not enabled by default on client versions of Windows
#

---------------  T H R E A D  ---------------

Current thread (0x00000000152b6800):  VMThread [stack: 0x0000000015d20000,0x0000000015e20000] [id=15604]

Stack: [0x0000000015d20000,0x0000000015e20000]
[error occurred during error reporting (printing stack bounds), id 0xc0000005]

Native frames: (J=compiled Java code, j=interpreted, Vv=VM code, C=native code)

VM_Operation (0x0000000002d3df20): ParallelGCFailedAllocation, mode: safepoint, requested by thread 0x0000000002d62800


---------------  P R O C E S S  ---------------

Java Threads: ( => current thread )
  0x000000001694c000 JavaThread "pool-2-thread-1" [_thread_blocked, id=3156, stack(0x0000000016c30000,0x0000000016d30000)]
  0x000000001694a800 JavaThread "pool-1-thread-1" [_thread_blocked, id=14944, stack(0x0000000016b30000,0x0000000016c30000)]
  0x0000000015364000 JavaThread "Service Thread" daemon [_thread_blocked, id=12744, stack(0x0000000016530000,0x0000000016630000)]
  0x00000000152f2000 JavaThread "C1 CompilerThread1" daemon [_thread_blocked, id=7636, stack(0x0000000016430000,0x0000000016530000)]
  0x00000000152ef000 JavaThread "C2 CompilerThread0" daemon [_thread_blocked, id=12412, stack(0x0000000016330000,0x0000000016430000)]
  0x00000000152eb800 JavaThread "Attach Listener" daemon [_thread_blocked, id=12840, stack(0x0000000016230000,0x0000000016330000)]
  0x00000000152e6800 JavaThread "Signal Dispatcher" daemon [_thread_blocked, id=2800, stack(0x0000000016130000,0x0000000016230000)]
  0x00000000152d8800 JavaThread "Finalizer" daemon [_thread_blocked, id=2236, stack(0x0000000015f20000,0x0000000016020000)]
  0x0000000002e4f000 JavaThread "Reference Handler" daemon [_thread_blocked, id=13160, stack(0x0000000015e20000,0x0000000015f20000)]
  0x0000000002d62800 JavaThread "main" [_thread_blocked, id=5460, stack(0x0000000002c40000,0x0000000002d40000)]

Other Threads:
=>0x00000000152b6800 VMThread [stack: 0x0000000015d20000,0x0000000015e20000] [id=15604]
  0x000000001536d000 WatcherThread [stack: 0x0000000016630000,0x0000000016730000] [id=17844]

VM state:at safepoint (normal execution)

VM Mutex/Monitor currently owned by a thread:  ([mutex/lock_event])
[0x0000000002d5d2d0] Threads_lock - owner thread: 0x00000000152b6800
[0x0000000002d5d9d0] Heap_lock - owner thread: 0x0000000002d62800

Heap:
 PSYoungGen      total 66560K, used 61439K [0x00000000eab00000, 0x00000000ef100000, 0x0000000100000000)
  eden space 61440K, 99% used [0x00000000eab00000,0x00000000ee6ffff8,0x00000000ee700000)
  from space 5120K, 0% used [0x00000000eec00000,0x00000000eec00000,0x00000000ef100000)
  to   space 5120K, 0% used [0x00000000ee700000,0x00000000ee700000,0x00000000eec00000)
 ParOldGen       total 138240K, used 137906K [0x00000000c0000000, 0x00000000c8700000, 0x00000000eab00000)
  object space 138240K, 99% used [0x00000000c0000000,0x00000000c86acbf0,0x00000000c8700000)
 Metaspace       used 6709K, capacity 7320K, committed 7680K, reserved 1056768K
  class space    used 637K, capacity 656K, committed 768K, reserved 1048576K

Card table byte_map: [0x0000000012220000,0x0000000012430000] byte_map_base: 0x0000000011c20000

Marking Bits: (ParMarkBitMap*) 0x00000000564d3c10
 Begin Bits: [0x0000000012790000, 0x0000000013790000)
 End Bits:   [0x0000000013790000, 0x0000000014790000)

Polling page: 0x00000000012a0000

CodeCache: size=245760Kb used=8258Kb max_used=10197Kb free=237501Kb
 bounds [0x0000000002e60000, 0x00000000038c0000, 0x0000000011e60000]
 total_blobs=2146 nmethods=1876 adapters=183
 compilation: enabled

Compilation events (10 events):
Event: 505.604 Thread 0x00000000152ef000 nmethod 2191 0x0000000003314e50 code [0x0000000003314fa0, 0x0000000003315138]
Event: 505.605 Thread 0x00000000152ef000 1676       4       com.android.dx.rop.code.RegisterSpec::getType (10 bytes)
Event: 505.606 Thread 0x00000000152ef000 nmethod 1676 0x0000000003034c90 code [0x0000000003034dc0, 0x0000000003034e38]
Event: 505.606 Thread 0x00000000152ef000 2214       4       com.android.dx.rop.code.RegisterSpec::getBasicType (10 bytes)
Event: 505.607 Thread 0x00000000152ef000 nmethod 2214 0x0000000003303750 code [0x0000000003303880, 0x00000000033038f8]
Event: 505.607 Thread 0x00000000152ef000 2190       4       com.android.dx.rop.code.LocalVariableInfo::mergeStarts (75 bytes)
Event: 507.983 Thread 0x00000000152ef000 nmethod 2190 0x0000000003476710 code [0x0000000003476900, 0x0000000003477c28]
Event: 509.301 Thread 0x00000000152ef000 2229       4       com.android.dx.rop.type.Type::getFrameType (5 bytes)
Event: 509.302 Thread 0x00000000152ef000 nmethod 2229 0x0000000003703050 code [0x0000000003703180, 0x0000000003703218]
Event: 509.302 Thread 0x00000000152ef000 2223       4       com.android.dx.ssa.SsaRenamer$BlockRenamer$RenamingMapper::map (28 bytes)

GC Heap History (10 events):
Event: 507.982 GC heap after
Heap after GC invocations=685 (full 669):
 PSYoungGen      total 66560K, used 61439K [0x00000000eab00000, 0x00000000ef100000, 0x0000000100000000)
  eden space 61440K, 99% used [0x00000000eab00000,0x00000000ee6ffff8,0x00000000ee700000)
  from space 5120K, 0% used [0x00000000eec00000,0x00000000eec00000,0x00000000ef100000)
  to   space 5120K, 0% used [0x00000000ee700000,0x00000000ee700000,0x00000000eec00000)
 ParOldGen       total 138240K, used 137902K [0x00000000c0000000, 0x00000000c8700000, 0x00000000eab00000)
  object space 138240K, 99% used [0x00000000c0000000,0x00000000c86ab9a8,0x00000000c8700000)
 Metaspace       used 6709K, capacity 7320K, committed 7680K, reserved 1056768K
  class space    used 637K, capacity 656K, committed 768K, reserved 1048576K
}
Event: 507.983 GC heap before
{Heap before GC invocations=686 (full 670):
 PSYoungGen      total 66560K, used 61439K [0x00000000eab00000, 0x00000000ef100000, 0x0000000100000000)
  eden space 61440K, 99% used [0x00000000eab00000,0x00000000ee6ffff8,0x00000000ee700000)
  from space 5120K, 0% used [0x00000000eec00000,0x00000000eec00000,0x00000000ef100000)
  to   space 5120K, 0% used [0x00000000ee700000,0x00000000ee700000,0x00000000eec00000)
 ParOldGen       total 138240K, used 137903K [0x00000000c0000000, 0x00000000c8700000, 0x00000000eab00000)
  object space 138240K, 99% used [0x00000000c0000000,0x00000000c86abf80,0x00000000c8700000)
 Metaspace       used 6709K, capacity 7320K, committed 7680K, reserved 1056768K
  class space    used 637K, capacity 656K, committed 768K, reserved 1048576K
Event: 508.638 GC heap after
Heap after GC invocations=686 (full 670):
 PSYoungGen      total 66560K, used 61439K [0x00000000eab00000, 0x00000000ef100000, 0x0000000100000000)
  eden space 61440K, 99% used [0x00000000eab00000,0x00000000ee6ffff8,0x00000000ee700000)
  from space 5120K, 0% used [0x00000000eec00000,0x00000000eec00000,0x00000000ef100000)
  to   space 5120K, 0% used [0x00000000ee700000,0x00000000ee700000,0x00000000eec00000)
 ParOldGen       total 138240K, used 137903K [0x00000000c0000000, 0x00000000c8700000, 0x00000000eab00000)
  object space 138240K, 99% used [0x00000000c0000000,0x00000000c86abd70,0x00000000c8700000)
 Metaspace       used 6709K, capacity 7320K, committed 7680K, reserved 1056768K
  class space    used 637K, capacity 656K, committed 768K, reserved 1048576K
}
Event: 508.638 GC heap before
{Heap before GC invocations=687 (full 671):
 PSYoungGen      total 66560K, used 61439K [0x00000000eab00000, 0x00000000ef100000, 0x0000000100000000)
  eden space 61440K, 99% used [0x00000000eab00000,0x00000000ee6ffff8,0x00000000ee700000)
  from space 5120K, 0% used [0x00000000eec00000,0x00000000eec00000,0x00000000ef100000)
  to   space 5120K, 0% used [0x00000000ee700000,0x00000000ee700000,0x00000000eec00000)
 ParOldGen       total 138240K, used 137904K [0x00000000c0000000, 0x00000000c8700000, 0x00000000eab00000)
  object space 138240K, 99% used [0x00000000c0000000,0x00000000c86ac2b0,0x00000000c8700000)
 Metaspace       used 6709K, capacity 7320K, committed 7680K, reserved 1056768K
  class space    used 637K, capacity 656K, committed 768K, reserved 1048576K
Event: 509.301 GC heap after
Heap after GC invocations=687 (full 671):
 PSYoungGen      total 66560K, used 61439K [0x00000000eab00000, 0x00000000ef100000, 0x0000000100000000)
  eden space 61440K, 99% used [0x00000000eab00000,0x00000000ee6ffff8,0x00000000ee700000)
  from space 5120K, 0% used [0x00000000eec00000,0x00000000eec00000,0x00000000ef100000)
  to   space 5120K, 0% used [0x00000000ee700000,0x00000000ee700000,0x00000000eec00000)
 ParOldGen       total 138240K, used 137904K [0x00000000c0000000, 0x00000000c8700000, 0x00000000eab00000)
  object space 138240K, 99% used [0x00000000c0000000,0x00000000c86ac1e0,0x00000000c8700000)
 Metaspace       used 6709K, capacity 7320K, committed 7680K, reserved 1056768K
  class space    used 637K, capacity 656K, committed 768K, reserved 1048576K
}
Event: 509.303 GC heap before
{Heap before GC invocations=688 (full 672):
 PSYoungGen      total 66560K, used 61439K [0x00000000eab00000, 0x00000000ef100000, 0x0000000100000000)
  eden space 61440K, 99% used [0x00000000eab00000,0x00000000ee6ffff8,0x00000000ee700000)
  from space 5120K, 0% used [0x00000000eec00000,0x00000000eec00000,0x00000000ef100000)
  to   space 5120K, 0% used [0x00000000ee700000,0x00000000ee700000,0x00000000eec00000)
 ParOldGen       total 138240K, used 137905K [0x00000000c0000000, 0x00000000c8700000, 0x00000000eab00000)
  object space 138240K, 99% used [0x00000000c0000000,0x00000000c86ac7e0,0x00000000c8700000)
 Metaspace       used 6709K, capacity 7320K, committed 7680K, reserved 1056768K
  class space    used 637K, capacity 656K, committed 768K, reserved 1048576K
Event: 510.015 GC heap after
Heap after GC invocations=688 (full 672):
 PSYoungGen      total 66560K, used 61439K [0x00000000eab00000, 0x00000000ef100000, 0x0000000100000000)
  eden space 61440K, 99% used [0x00000000eab00000,0x00000000ee6ffff8,0x00000000ee700000)
  from space 5120K, 0% used [0x00000000eec00000,0x00000000eec00000,0x00000000ef100000)
  to   space 5120K, 0% used [0x00000000ee700000,0x00000000ee700000,0x00000000eec00000)
 ParOldGen       total 138240K, used 137905K [0x00000000c0000000, 0x00000000c8700000, 0x00000000eab00000)
  object space 138240K, 99% used [0x00000000c0000000,0x00000000c86ac490,0x00000000c8700000)
 Metaspace       used 6709K, capacity 7320K, committed 7680K, reserved 1056768K
  class space    used 637K, capacity 656K, committed 768K, reserved 1048576K
}
Event: 510.016 GC heap before
{Heap before GC invocations=689 (full 673):
 PSYoungGen      total 66560K, used 61439K [0x00000000eab00000, 0x00000000ef100000, 0x0000000100000000)
  eden space 61440K, 99% used [0x00000000eab00000,0x00000000ee6ffff8,0x00000000ee700000)
  from space 5120K, 0% used [0x00000000eec00000,0x00000000eec00000,0x00000000ef100000)
  to   space 5120K, 0% used [0x00000000ee700000,0x00000000ee700000,0x00000000eec00000)
 ParOldGen       total 138240K, used 137906K [0x00000000c0000000, 0x00000000c8700000, 0x00000000eab00000)
  object space 138240K, 99% used [0x00000000c0000000,0x00000000c86acbc0,0x00000000c8700000)
 Metaspace       used 6709K, capacity 7320K, committed 7680K, reserved 1056768K
  class space    used 637K, capacity 656K, committed 768K, reserved 1048576K
Event: 510.901 GC heap after
Heap after GC invocations=689 (full 673):
 PSYoungGen      total 66560K, used 61439K [0x00000000eab00000, 0x00000000ef100000, 0x0000000100000000)
  eden space 61440K, 99% used [0x00000000eab00000,0x00000000ee6ffff8,0x00000000ee700000)
  from space 5120K, 0% used [0x00000000eec00000,0x00000000eec00000,0x00000000ef100000)
  to   space 5120K, 0% used [0x00000000ee700000,0x00000000ee700000,0x00000000eec00000)
 ParOldGen       total 138240K, used 137905K [0x00000000c0000000, 0x00000000c8700000, 0x00000000eab00000)
  object space 138240K, 99% used [0x00000000c0000000,0x00000000c86ac4e0,0x00000000c8700000)
 Metaspace       used 6709K, capacity 7320K, committed 7680K, reserved 1056768K
  class space    used 637K, capacity 656K, committed 768K, reserved 1048576K
}
Event: 510.904 GC heap before
{Heap before GC invocations=690 (full 674):
 PSYoungGen      total 66560K, used 61439K [0x00000000eab00000, 0x00000000ef100000, 0x0000000100000000)
  eden space 61440K, 99% used [0x00000000eab00000,0x00000000ee6ffff8,0x00000000ee700000)
  from space 5120K, 0% used [0x00000000eec00000,0x00000000eec00000,0x00000000ef100000)
  to   space 5120K, 0% used [0x00000000ee700000,0x00000000ee700000,0x00000000eec00000)
 ParOldGen       total 138240K, used 137906K [0x00000000c0000000, 0x00000000c8700000, 0x00000000eab00000)
  object space 138240K, 99% used [0x00000000c0000000,0x00000000c86acbf0,0x00000000c8700000)
 Metaspace       used 6709K, capacity 7320K, committed 7680K, reserved 1056768K
  class space    used 637K, capacity 656K, committed 768K, reserved 1048576K

Deoptimization events (10 events):
Event: 10.064 Thread 0x0000000002d62800 Uncommon trap: reason=speculate_class_check action=maybe_recompile pc=0x000000000370f118 method=com.android.dx.ssa.SsaInsn.mapRegisters(Lcom/android/dx/ssa/RegisterMapper;)V @ 31
Event: 10.084 Thread 0x0000000002d62800 Uncommon trap: reason=speculate_class_check action=maybe_recompile pc=0x000000000375fe44 method=com.android.dx.ssa.SsaInsn.mapRegisters(Lcom/android/dx/ssa/RegisterMapper;)V @ 31
Event: 10.085 Thread 0x0000000002d62800 Uncommon trap: reason=speculate_class_check action=maybe_recompile pc=0x000000000370f118 method=com.android.dx.ssa.SsaInsn.mapRegisters(Lcom/android/dx/ssa/RegisterMapper;)V @ 31
Event: 10.317 Thread 0x000000001694a800 Uncommon trap: reason=unstable_if action=reinterpret pc=0x000000000377e9e0 method=com.android.dx.ssa.SCCP.simulateStmt(Lcom/android/dx/ssa/SsaInsn;)V @ 469
Event: 10.844 Thread 0x000000001694a800 Uncommon trap: reason=unstable_if action=reinterpret pc=0x00000000037bbb98 method=com.android.dx.ssa.LiteralOpUpgrader.tryReplacingWithConstant(Lcom/android/dx/ssa/NormalSsaInsn;)Z @ 30
Event: 12.860 Thread 0x000000001694a800 Uncommon trap: reason=unstable_if action=reinterpret pc=0x00000000037daa18 method=com.android.dx.rop.code.RegisterSpec.equals(ILcom/android/dx/rop/type/TypeBearer;Lcom/android/dx/rop/code/LocalItem;)Z @ 42
Event: 20.263 Thread 0x000000001694a800 Uncommon trap: reason=unstable_if action=reinterpret pc=0x00000000035affb4 method=com.android.dx.rop.code.BasicBlockList.preferredSuccessorOf(Lcom/android/dx/rop/code/BasicBlock;)Lcom/android/dx/rop/code/BasicBlock; @ 58
Event: 22.207 Thread 0x0000000002d62800 Uncommon trap: reason=unstable_if action=reinterpret pc=0x00000000034f5194 method=com.android.dx.ssa.MoveParamCombiner$1.visitNonMoveInsn(Lcom/android/dx/ssa/NormalSsaInsn;)V @ 27
Event: 25.711 Thread 0x000000001694a800 Uncommon trap: reason=unstable_if action=reinterpret pc=0x00000000037f60ac method=com.android.dx.ssa.SCCP.simulateBranch(Lcom/android/dx/ssa/SsaInsn;)V @ 548
Event: 26.894 Thread 0x000000001694a800 Uncommon trap: reason=null_check action=make_not_entrant pc=0x00000000038466dc method=com.android.dx.cf.code.Ropper$CatchInfo.getSetup(Lcom/android/dx/rop/type/Type;)Lcom/android/dx/cf/code/Ropper$ExceptionHandlerSetup; @ 10

Classes redefined (0 events):
No events

Internal exceptions (7 events):
Event: 0.045 Thread 0x0000000002d62800 Exception <a 'java/lang/NoSuchMethodError': Method sun.misc.Unsafe.defineClass(Ljava/lang/String;[BII)Ljava/lang/Class; name or signature does not match> (0x00000000eab07cb0) thrown at [C:\re\workspace\8-2-build-windows-amd64-cygwin\jdk8u172\10810\hotspot
Event: 0.045 Thread 0x0000000002d62800 Exception <a 'java/lang/NoSuchMethodError': Method sun.misc.Unsafe.prefetchRead(Ljava/lang/Object;J)V name or signature does not match> (0x00000000eab07f98) thrown at [C:\re\workspace\8-2-build-windows-amd64-cygwin\jdk8u172\10810\hotspot\src\share\vm\prim
Event: 4.946 Thread 0x000000001694a800 Exception <a 'java/lang/ArrayIndexOutOfBoundsException': 18> (0x00000000eafc3218) thrown at [C:\re\workspace\8-2-build-windows-amd64-cygwin\jdk8u172\10810\hotspot\src\share\vm\interpreter\interpreterRuntime.cpp, line 366]
Event: 4.947 Thread 0x000000001694a800 Exception <a 'java/lang/ArrayIndexOutOfBoundsException'> (0x00000000eafc4d98) thrown at [C:\re\workspace\8-2-build-windows-amd64-cygwin\jdk8u172\10810\hotspot\src\share\vm\runtime\sharedRuntime.cpp, line 605]
Event: 4.948 Thread 0x000000001694a800 Exception <a 'java/lang/ArrayIndexOutOfBoundsException'> (0x00000000eafc6080) thrown at [C:\re\workspace\8-2-build-windows-amd64-cygwin\jdk8u172\10810\hotspot\src\share\vm\runtime\sharedRuntime.cpp, line 605]
Event: 6.172 Thread 0x0000000002d62800 Implicit null exception at 0x00000000032169e2 to 0x0000000003216ada
Event: 26.894 Thread 0x000000001694a800 Implicit null exception at 0x000000000383f584 to 0x00000000038466bd

Events (10 events):
Event: 508.638 Executing VM operation: ParallelGCFailedAllocation done
Event: 508.638 Executing VM operation: ParallelGCFailedAllocation
Event: 509.301 Executing VM operation: ParallelGCFailedAllocation done
Event: 509.302 Thread 0x00000000152ef000 flushing nmethod 0x0000000003468c10
Event: 509.302 Thread 0x00000000152ef000 flushing nmethod 0x0000000003468f10
Event: 509.303 Executing VM operation: ParallelGCFailedAllocation
Event: 510.015 Executing VM operation: ParallelGCFailedAllocation done
Event: 510.015 Executing VM operation: ParallelGCFailedAllocation
Event: 510.901 Executing VM operation: ParallelGCFailedAllocation done
Event: 510.904 Executing VM operation: ParallelGCFailedAllocation


Dynamic libraries:
0x00007ff65aab0000 - 0x00007ff65aae7000 	C:\Program Files\Java\jdk1.8.0_172\bin\java.exe
0x00007fffcd7e0000 - 0x00007fffcd9c1000 	C:\WINDOWS\SYSTEM32\ntdll.dll
0x00007fffcd4f0000 - 0x00007fffcd5a2000 	C:\WINDOWS\System32\KERNEL32.DLL
0x00007fffca530000 - 0x00007fffca7a3000 	C:\WINDOWS\System32\KERNELBASE.dll
0x00007fffcae70000 - 0x00007fffcaf11000 	C:\WINDOWS\System32\ADVAPI32.dll
0x00007fffcd450000 - 0x00007fffcd4ee000 	C:\WINDOWS\System32\msvcrt.dll
0x00007fffcd3f0000 - 0x00007fffcd44b000 	C:\WINDOWS\System32\sechost.dll
0x00007fffcb500000 - 0x00007fffcb624000 	C:\WINDOWS\System32\RPCRT4.dll
0x00007fffcaf30000 - 0x00007fffcb0c0000 	C:\WINDOWS\System32\USER32.dll
0x00007fffca510000 - 0x00007fffca530000 	C:\WINDOWS\System32\win32u.dll
0x00007fffccdc0000 - 0x00007fffccde8000 	C:\WINDOWS\System32\GDI32.dll
0x00007fffcaa20000 - 0x00007fffcabb2000 	C:\WINDOWS\System32\gdi32full.dll
0x00007fffca2c0000 - 0x00007fffca35f000 	C:\WINDOWS\System32\msvcp_win.dll
0x00007fffca410000 - 0x00007fffca50a000 	C:\WINDOWS\System32\ucrtbase.dll
0x00007fffbbaf0000 - 0x00007fffbbd59000 	C:\WINDOWS\WinSxS\amd64_microsoft.windows.common-controls_6595b64144ccf1df_6.0.17134.228_none_fb4599993062b194\COMCTL32.dll
0x00007fffcb130000 - 0x00007fffcb453000 	C:\WINDOWS\System32\combase.dll
0x00007fffca7b0000 - 0x00007fffca82a000 	C:\WINDOWS\System32\bcryptPrimitives.dll
0x00007fffccc00000 - 0x00007fffccc2d000 	C:\WINDOWS\System32\IMM32.DLL
0x0000000058860000 - 0x0000000058932000 	C:\Program Files\Java\jdk1.8.0_172\jre\bin\msvcr100.dll
0x0000000055cb0000 - 0x0000000056553000 	C:\Program Files\Java\jdk1.8.0_172\jre\bin\server\jvm.dll
0x00007fffcca70000 - 0x00007fffcca78000 	C:\WINDOWS\System32\PSAPI.DLL
0x00007fffbad00000 - 0x00007fffbad23000 	C:\WINDOWS\SYSTEM32\WINMM.dll
0x00007fffc8260000 - 0x00007fffc826a000 	C:\WINDOWS\SYSTEM32\VERSION.dll
0x00007fffb6800000 - 0x00007fffb682a000 	C:\WINDOWS\SYSTEM32\WINMMBASE.dll
0x00007fffca360000 - 0x00007fffca3a9000 	C:\WINDOWS\System32\cfgmgr32.dll
0x00007fffc6690000 - 0x00007fffc6699000 	C:\WINDOWS\SYSTEM32\WSOCK32.dll
0x00007fffcb0c0000 - 0x00007fffcb12c000 	C:\WINDOWS\System32\WS2_32.dll
0x0000000058d00000 - 0x0000000058d0f000 	C:\Program Files\Java\jdk1.8.0_172\jre\bin\verify.dll
0x0000000058cd0000 - 0x0000000058cf9000 	C:\Program Files\Java\jdk1.8.0_172\jre\bin\java.dll
0x0000000058840000 - 0x0000000058856000 	C:\Program Files\Java\jdk1.8.0_172\jre\bin\zip.dll
0x00007fffcb630000 - 0x00007fffcca70000 	C:\WINDOWS\System32\SHELL32.dll
0x00007fffcadc0000 - 0x00007fffcae69000 	C:\WINDOWS\System32\shcore.dll
0x00007fffc9bb0000 - 0x00007fffca2bd000 	C:\WINDOWS\System32\windows.storage.dll
0x00007fffcd2a0000 - 0x00007fffcd2f1000 	C:\WINDOWS\System32\shlwapi.dll
0x00007fffc9b10000 - 0x00007fffc9b21000 	C:\WINDOWS\System32\kernel.appcore.dll
0x00007fffc9b40000 - 0x00007fffc9b5f000 	C:\WINDOWS\System32\profapi.dll
0x00007fffc9b60000 - 0x00007fffc9bac000 	C:\WINDOWS\System32\powrprof.dll
0x00007fffc9b30000 - 0x00007fffc9b3a000 	C:\WINDOWS\System32\FLTLIB.DLL

VM Arguments:
jvm_args: -Xmx1G 
java_command: C:\Program Files (x86)\Android\android-sdk\build-tools\25.0.3\\lib\dx.jar --dex --no-strict --output obj\Debug\MonoAndroid81\android\bin C:\Users\jlondo\source\repos\follow\follow\follow.Android\obj\Debug\MonoAndroid81\android\bin\classes.zip C:\Program Files (x86)\Microsoft Visual Studio\2017\Community\Common7\IDE\ReferenceAssemblies\Microsoft\Framework\MonoAndroid\v8.1\mono.android.jar obj\\Debug\MonoAndroid81\lp\1\jl\formsviewgroup.jar obj\\Debug\MonoAndroid81\lp\10\jl\bin\classes.jar obj\\Debug\MonoAndroid81\lp\11\jl\bin\classes.jar obj\\Debug\MonoAndroid81\lp\12\jl\bin\classes.jar obj\\Debug\MonoAndroid81\lp\13\jl\bin\classes.jar obj\\Debug\MonoAndroid81\lp\14\jl\bin\classes.jar obj\\Debug\MonoAndroid81\lp\15\jl\bin\classes.jar obj\\Debug\MonoAndroid81\lp\16\jl\bin\classes.jar obj\\Debug\MonoAndroid81\lp\17\jl\bin\classes.jar obj\\Debug\MonoAndroid81\lp\18\jl\bin\classes.jar obj\\Debug\MonoAndroid81\lp\19\jl\bin\classes.jar obj\\Debug\MonoAndroid81\lp\20\jl\bin\classes.jar obj\\Debug\MonoAndroid81\lp\21\jl\bin\classes.jar obj\\Debug\MonoAndroid81\lp\3\jl\arch-core-common.jar obj\\Debug\MonoAndroid81\lp\4\jl\arch-lifecycle-common.jar obj\\Debug\MonoAndroid81\lp\5\jl\bin\classes.jar obj\\Debug\MonoAndroid81\lp\6\jl\bin\classes.jar obj\\Debug\MonoAndroid81\lp\8\jl\bin\classes.jar obj\\Debug\MonoAndroid81\lp\9\jl\bin\classes.jar
java_class_path (initial): C:\Program Files (x86)\Android\android-sdk\build-tools\25.0.3\\lib\dx.jar
Launcher Type: SUN_STANDARD

Environment Variables:
JAVA_HOME=C:\Program Files\Java\jdk1.8.0_172
PATH=C:\Program Files\Java\jdk1.8.0_172\bin;C:\Program Files (x86)\Common Files\Oracle\Java\javapath;C:\WINDOWS\system32;C:\WINDOWS;C:\WINDOWS\System32\Wbem;C:\WINDOWS\System32\WindowsPowerShell\v1.0\;C:\WINDOWS\System32\OpenSSH\;C:\Program Files\Microsoft VS Code\bin;C:\Program Files\Dart\dart-sdk\bin;C:\flutter\bin;C:\Program Files\dotnet\;C:\Program Files\Microsoft SQL Server\130\Tools\Binn\;C:\Users\jlondo\AppData\Local\Programs\Python\Python37-32\Scripts\;C:\Users\jlondo\AppData\Local\Programs\Python\Python37-32\;C:\Users\jlondo\AppData\Local\Microsoft\WindowsApps
USERNAME=jlondo97
OS=Windows_NT
PROCESSOR_IDENTIFIER=AMD64 Family 21 Model 112 Stepping 0, AuthenticAMD



---------------  S Y S T E M  ---------------

OS: Windows 10.0 , 64 bit Build 17134 (10.0.17134.1)

CPU:total 2 (initial active 2) (2 cores per cpu, 1 threads per core) family 21 model 112 stepping 0, cmov, cx8, fxsr, mmx, sse, sse2, sse3, ssse3, sse4.1, sse4.2, popcnt, avx, avx2, aes, clmul, mmxext, 3dnowpref, lzcnt, sse4a, tsc, tscinvbit, tscinv, bmi1

Memory: 4k page, physical 7825792k(520068k free), swap 7825792k(1688k free)

vm_info: Java HotSpot(TM) 64-Bit Server VM (25.172-b11) for windows-amd64 JRE (1.8.0_172-b11), built on Mar 28 2018 21:21:52 by "java_re" with MS VC++ 10.0 (VS2010)

time: Tue Sep 04 11:02:29 2018
elapsed time: 511 seconds (0d 0h 8m 31s)

