#
# There is insufficient memory for the Java Runtime Environment to continue.
# Native memory allocation (malloc) failed to allocate 1048576 bytes for AllocateHeap
# Possible reasons:
#   The system is out of physical RAM or swap space
#   In 32 bit mode, the process size limit was hit
# Possible solutions:
#   Reduce memory load on the system
#   Increase physical memory or swap space
#   Check if swap backing store is full
#   Use 64 bit Java on a 64 bit OS
#   Decrease Java heap size (-Xmx/-Xms)
#   Decrease number of Java threads
#   Decrease Java thread stack sizes (-Xss)
#   Set larger code cache with -XX:ReservedCodeCacheSize=
# This output file may be truncated or incomplete.
#
#  Out of Memory Error (memory/allocation.inline.hpp:61), pid=2832, tid=0x0000000000002a50
#
# JRE version:  (8.0_172-b11) (build )
# Java VM: Java HotSpot(TM) 64-Bit Server VM (25.172-b11 mixed mode windows-amd64 compressed oops)
# Failed to write core dump. Minidumps are not enabled by default on client versions of Windows
#

---------------  T H R E A D  ---------------

Current thread (0x0000000002d9e800):  JavaThread "Unknown thread" [_thread_in_vm, id=10832, stack(0x0000000002ba0000,0x0000000002ca0000)]

Stack: [0x0000000002ba0000,0x0000000002ca0000]
[error occurred during error reporting (printing stack bounds), id 0xc0000005]

Native frames: (J=compiled Java code, j=interpreted, Vv=VM code, C=native code)


---------------  P R O C E S S  ---------------

Java Threads: ( => current thread )

Other Threads:

=>0x0000000002d9e800 (exited) JavaThread "Unknown thread" [_thread_in_vm, id=10832, stack(0x0000000002ba0000,0x0000000002ca0000)]

VM state:not at safepoint (normal execution)

VM Mutex/Monitor currently owned by a thread: None

Heap:
 PSYoungGen      total 2048K, used 30K [0x00000000d8300000, 0x00000000d8580000, 0x0000000100000000)
  eden space 1536K, 2% used [0x00000000d8300000,0x00000000d8307af0,0x00000000d8480000)
  from space 512K, 0% used [0x00000000d8500000,0x00000000d8500000,0x00000000d8580000)
  to   space 512K, 0% used [0x00000000d8480000,0x00000000d8480000,0x00000000d8500000)
 ParOldGen       total 5632K, used 0K [0x0000000088800000, 0x0000000088d80000, 0x00000000d8300000)
  object space 5632K, 0% used [0x0000000088800000,0x0000000088800000,0x0000000088d80000)
 Metaspace       used 775K, capacity 4480K, committed 4480K, reserved 1056768K
  class space    used 76K, capacity 384K, committed 384K, reserved 1048576K

Card table byte_map: [0x0000000012260000,0x0000000012620000] byte_map_base: 0x0000000011e1c000

Marking Bits: (ParMarkBitMap*) 0x00000000564d3c10
 Begin Bits: [0x0000000012aa0000, 0x0000000014880000)
 End Bits:   [0x0000000014880000, 0x0000000016660000)

Polling page: 0x0000000000bc0000

CodeCache: size=245760Kb used=327Kb max_used=327Kb free=245432Kb
 bounds [0x0000000002ea0000, 0x0000000003110000, 0x0000000011ea0000]
 total_blobs=57 nmethods=0 adapters=38
 compilation: enabled

Compilation events (0 events):
No events

GC Heap History (0 events):
No events

Deoptimization events (0 events):
No events

Classes redefined (0 events):
No events

Internal exceptions (0 events):
No events

Events (10 events):
Event: 0.101 loading class java/lang/Short
Event: 0.101 loading class java/lang/Short done
Event: 0.101 loading class java/lang/Integer
Event: 0.101 loading class java/lang/Integer done
Event: 0.101 loading class java/lang/Long
Event: 0.101 loading class java/lang/Long done
Event: 0.102 loading class java/lang/NullPointerException
Event: 0.102 loading class java/lang/NullPointerException done
Event: 0.102 loading class java/lang/ArithmeticException
Event: 0.102 loading class java/lang/ArithmeticException done


Dynamic libraries:
0x00007ff7e31d0000 - 0x00007ff7e31d7000 	C:\Program Files\Java\jdk1.8.0_172\bin\javac.exe
0x00007fffcd7e0000 - 0x00007fffcd9c1000 	C:\WINDOWS\SYSTEM32\ntdll.dll
0x00007fffcd4f0000 - 0x00007fffcd5a2000 	C:\WINDOWS\System32\KERNEL32.DLL
0x00007fffca530000 - 0x00007fffca7a3000 	C:\WINDOWS\System32\KERNELBASE.dll
0x0000000058ce0000 - 0x0000000058d0f000 	C:\Program Files\Java\jdk1.8.0_172\bin\jli.dll
0x0000000058860000 - 0x0000000058932000 	C:\Program Files\Java\jdk1.8.0_172\bin\MSVCR100.dll
0x00007fffcae70000 - 0x00007fffcaf11000 	C:\WINDOWS\System32\ADVAPI32.dll
0x00007fffcd450000 - 0x00007fffcd4ee000 	C:\WINDOWS\System32\msvcrt.dll
0x00007fffcd3f0000 - 0x00007fffcd44b000 	C:\WINDOWS\System32\sechost.dll
0x00007fffcb500000 - 0x00007fffcb624000 	C:\WINDOWS\System32\RPCRT4.dll
0x00007fffcaf30000 - 0x00007fffcb0c0000 	C:\WINDOWS\System32\USER32.dll
0x00007fffca510000 - 0x00007fffca530000 	C:\WINDOWS\System32\win32u.dll
0x00007fffccdc0000 - 0x00007fffccde8000 	C:\WINDOWS\System32\GDI32.dll
0x00007fffcaa20000 - 0x00007fffcabb2000 	C:\WINDOWS\System32\gdi32full.dll
0x00007fffca2c0000 - 0x00007fffca35f000 	C:\WINDOWS\System32\msvcp_win.dll
0x00007fffbbaf0000 - 0x00007fffbbd59000 	C:\WINDOWS\WinSxS\amd64_microsoft.windows.common-controls_6595b64144ccf1df_6.0.17134.228_none_fb4599993062b194\COMCTL32.dll
0x00007fffcb130000 - 0x00007fffcb453000 	C:\WINDOWS\System32\combase.dll
0x00007fffca410000 - 0x00007fffca50a000 	C:\WINDOWS\System32\ucrtbase.dll
0x00007fffca7b0000 - 0x00007fffca82a000 	C:\WINDOWS\System32\bcryptPrimitives.dll
0x00007fffccc00000 - 0x00007fffccc2d000 	C:\WINDOWS\System32\IMM32.DLL
0x0000000058780000 - 0x0000000058852000 	C:\Program Files\Java\jdk1.8.0_172\jre\bin\msvcr100.dll
0x0000000055cb0000 - 0x0000000056553000 	C:\Program Files\Java\jdk1.8.0_172\jre\bin\server\jvm.dll
0x00007fffc6000000 - 0x00007fffc6009000 	C:\WINDOWS\SYSTEM32\WSOCK32.dll
0x00007fffcb0c0000 - 0x00007fffcb12c000 	C:\WINDOWS\System32\WS2_32.dll
0x00007fffbad00000 - 0x00007fffbad23000 	C:\WINDOWS\SYSTEM32\WINMM.dll
0x00007fffb6800000 - 0x00007fffb682a000 	C:\WINDOWS\SYSTEM32\WINMMBASE.dll
0x00007fffca360000 - 0x00007fffca3a9000 	C:\WINDOWS\System32\cfgmgr32.dll
0x00007fffcca70000 - 0x00007fffcca78000 	C:\WINDOWS\System32\PSAPI.DLL
0x00007fffc8260000 - 0x00007fffc826a000 	C:\WINDOWS\SYSTEM32\VERSION.dll
0x0000000058cd0000 - 0x0000000058cdf000 	C:\Program Files\Java\jdk1.8.0_172\jre\bin\verify.dll
0x00000000586b0000 - 0x00000000586d9000 	C:\Program Files\Java\jdk1.8.0_172\jre\bin\java.dll
0x0000000058760000 - 0x0000000058776000 	C:\Program Files\Java\jdk1.8.0_172\jre\bin\zip.dll

VM Arguments:
jvm_args: -Dapplication.home=C:\Program Files\Java\jdk1.8.0_172 -Xms8m 
java_command: com.sun.tools.javac.Main -version
java_class_path (initial): C:\Program Files\Java\jdk1.8.0_172/lib/tools.jar;C:\Program Files\Java\jdk1.8.0_172/classes
Launcher Type: SUN_STANDARD

Environment Variables:
JAVA_HOME=C:\Program Files\Java\jdk1.8.0_172
PATH=C:\Program Files\Java\jdk1.8.0_172\bin;C:\Program Files (x86)\Common Files\Oracle\Java\javapath;C:\WINDOWS\system32;C:\WINDOWS;C:\WINDOWS\System32\Wbem;C:\WINDOWS\System32\WindowsPowerShell\v1.0\;C:\WINDOWS\System32\OpenSSH\;C:\Program Files\Microsoft VS Code\bin;C:\Program Files\Dart\dart-sdk\bin;C:\flutter\bin;C:\Program Files\dotnet\;C:\Program Files\Microsoft SQL Server\130\Tools\Binn\;C:\Users\jlondo\AppData\Local\Programs\Python\Python37-32\Scripts\;C:\Users\jlondo\AppData\Local\Programs\Python\Python37-32\;C:\Users\jlondo\AppData\Local\Microsoft\WindowsApps
USERNAME=jlondo97
OS=Windows_NT
PROCESSOR_IDENTIFIER=AMD64 Family 21 Model 112 Stepping 0, AuthenticAMD



---------------  S Y S T E M  ---------------

OS: Windows 10.0 , 64 bit Build 17134 (10.0.17134.1)

CPU:total 2 (initial active 2) (2 cores per cpu, 1 threads per core) family 21 model 112 stepping 0, cmov, cx8, fxsr, mmx, sse, sse2, sse3, ssse3, sse4.1, sse4.2, popcnt, avx, avx2, aes, clmul, mmxext, 3dnowpref, lzcnt, sse4a, tsc, tscinvbit, tscinv, bmi1

Memory: 4k page, physical 7825792k(923372k free), swap 7825792k(5692k free)

vm_info: Java HotSpot(TM) 64-Bit Server VM (25.172-b11) for windows-amd64 JRE (1.8.0_172-b11), built on Mar 28 2018 21:21:52 by "java_re" with MS VC++ 10.0 (VS2010)

time: Tue Sep 04 10:10:13 2018
elapsed time: 0 seconds (0d 0h 0m 0s)

